<?xml version="1.0" encoding="UTF-8"?>
<testng-results skipped="0" failed="0" ignored="0" total="1" passed="1">
  <reporter-output>
  </reporter-output>
  <suite name="Default suite" duration-ms="31724" started-at="2017-08-28T10:22:26Z" finished-at="2017-08-28T10:22:58Z">
    <groups>
    </groups>
    <test name="Default test" duration-ms="31724" started-at="2017-08-28T10:22:26Z" finished-at="2017-08-28T10:22:58Z">
      <class name="acceder">
        <test-method status="PASS" signature="beforeTest()[pri:0, instance:acceder@5d5eef3d]" name="beforeTest" is-config="true" duration-ms="25930" started-at="2017-08-28T12:22:26Z" finished-at="2017-08-28T12:22:52Z">
          <reporter-output>
          </reporter-output>
        </test-method> <!-- beforeTest -->
        <test-method status="PASS" signature="f()[pri:0, instance:acceder@5d5eef3d]" name="f" duration-ms="32" started-at="2017-08-28T12:22:52Z" finished-at="2017-08-28T12:22:52Z">
          <reporter-output>
          </reporter-output>
        </test-method> <!-- f -->
        <test-method status="PASS" signature="afterTest()[pri:0, instance:acceder@5d5eef3d]" name="afterTest" is-config="true" duration-ms="5751" started-at="2017-08-28T12:22:52Z" finished-at="2017-08-28T12:22:58Z">
          <reporter-output>
          </reporter-output>
        </test-method> <!-- afterTest -->
      </class> <!-- acceder -->
    </test> <!-- Default test -->
  </suite> <!-- Default suite -->
</testng-results>
