<?xml version="1.0" encoding="UTF-8"?>
<testng-results skipped="0" failed="0" total="2" passed="2">
  <reporter-output>
  </reporter-output>
  <suite name="Default suite" duration-ms="8736" started-at="2017-04-24T11:27:36Z" finished-at="2017-04-24T11:27:44Z">
    <groups>
    </groups>
    <test name="Default test" duration-ms="8736" started-at="2017-04-24T11:27:36Z" finished-at="2017-04-24T11:27:44Z">
      <class name="respositorio.entrar">
        <test-method status="PASS" signature="beforeTest()[pri:0, instance:respositorio.entrar@14acaea5]" name="beforeTest" is-config="true" duration-ms="10691" started-at="2017-04-24T13:27:25Z" finished-at="2017-04-24T13:27:36Z">
          <reporter-output>
          </reporter-output>
        </test-method> <!-- beforeTest -->
        <test-method status="PASS" signature="acceder()[pri:0, instance:respositorio.entrar@14acaea5]" name="acceder" duration-ms="2126" started-at="2017-04-24T13:27:36Z" finished-at="2017-04-24T13:27:38Z">
          <reporter-output>
          </reporter-output>
        </test-method> <!-- acceder -->
        <test-method status="PASS" signature="cerrar()[pri:0, instance:respositorio.entrar@14acaea5]" name="cerrar" duration-ms="6597" started-at="2017-04-24T13:27:38Z" finished-at="2017-04-24T13:27:44Z">
          <reporter-output>
          </reporter-output>
        </test-method> <!-- cerrar -->
      </class> <!-- respositorio.entrar -->
    </test> <!-- Default test -->
  </suite> <!-- Default suite -->
</testng-results>
